2024-01-07 00:01:49.983 [main] INFO  Freerouting v1.9.0 (build-date: 2023-10-30)
2024-01-07 00:01:50.024 [main] INFO  Settings were loaded from freerouting.json
2024-01-07 00:01:51.455 [ForkJoinPool.commonPool-worker-1] INFO  New version available: v1.9.0
2024-01-07 00:01:59.723 [AWT-EventQueue-0] INFO  Opening 'ltl.dsn'...
2024-01-07 00:02:00.332 [AWT-EventQueue-0] INFO  Opening 'ltl.rules'...
2024-01-07 00:02:06.593 [Thread-29] INFO  Starting auto-routing...
2024-01-07 08:34:43.755 [Thread-29] INFO  Auto-routing was completed in 8 hour(s) 32 minute(s) 37,16 seconds.
2024-01-07 08:34:43.868 [Thread-29] INFO  Starting route optimization on 1 thread...
2024-01-07 08:34:44.412 [Thread-29] INFO  Route optimization was completed in 0,54 seconds.
2024-01-07 14:54:44.299 [AWT-EventQueue-0] INFO  Saving 'ltl.ses'...
2024-01-07 14:54:47.300 [AWT-EventQueue-0] INFO  Saving 'ltl.rules'...
2024-01-07 14:54:59.386 [AWT-EventQueue-0] INFO  Saving '/Users/thomasstolt/OneDrive/Documents/Github/LongTermEnvLogger/kicad/ltl.frb'...
2024-01-07 20:55:58.157 [main] INFO  Freerouting v1.9.0 (build-date: 2023-10-30)
2024-01-07 20:55:58.202 [main] INFO  Settings were loaded from freerouting.json
2024-01-07 20:55:59.503 [ForkJoinPool.commonPool-worker-1] INFO  New version available: v1.9.0
2024-01-07 20:56:17.213 [AWT-EventQueue-0] INFO  Opening 'ltl.dsn'...
2024-01-07 20:56:17.839 [AWT-EventQueue-0] INFO  Opening 'ltl.rules'...
2024-01-07 20:56:25.151 [Thread-29] INFO  Starting auto-routing...
2024-01-07 20:56:26.588 [Thread-29] INFO  Auto-routing was completed in 1,44 seconds.
2024-01-07 20:56:26.694 [Thread-29] INFO  Starting route optimization on 1 thread...
2024-01-07 20:56:27.557 [Thread-29] INFO  Route optimization was completed in 0,86 seconds.
2024-01-07 20:57:48.673 [AWT-EventQueue-0] INFO  Saving 'ltl.ses'...
2024-01-07 20:57:50.898 [AWT-EventQueue-0] INFO  Saving 'ltl.rules'...
2024-01-07 21:04:59.416 [main] INFO  Freerouting v1.9.0 (build-date: 2023-10-30)
2024-01-07 21:04:59.460 [main] INFO  Settings were loaded from freerouting.json
2024-01-07 21:05:00.933 [ForkJoinPool.commonPool-worker-1] INFO  New version available: v1.9.0
2024-01-07 21:05:12.077 [AWT-EventQueue-0] INFO  Opening 'ltl.dsn'...
2024-01-07 21:05:12.741 [AWT-EventQueue-0] INFO  Opening 'ltl.rules'...
2024-01-07 21:05:18.018 [Thread-29] INFO  Starting auto-routing...
2024-01-07 21:05:19.497 [Thread-29] INFO  Auto-routing was completed in 1,48 seconds.
2024-01-07 21:05:19.604 [Thread-29] INFO  Starting route optimization on 1 thread...
2024-01-07 21:05:20.458 [Thread-29] INFO  Route optimization was completed in 0,85 seconds.
2024-01-07 21:05:53.171 [Thread-42] INFO  Starting auto-routing...
2024-01-07 21:05:53.181 [Thread-42] INFO  Auto-routing was completed in 0,01 seconds.
2024-01-07 21:05:53.288 [Thread-42] INFO  Starting route optimization on 1 thread...
2024-01-07 21:05:54.053 [Thread-42] INFO  Route optimization was completed in 0,76 seconds.
2024-01-07 21:06:48.207 [AWT-EventQueue-0] INFO  Saving '/Users/thomasstolt/OneDrive/Documents/Github/LongTermEnvLogger/kicad/ltl.frb'...
2024-01-07 21:06:55.120 [AWT-EventQueue-0] INFO  Opening 'ltl.dsn'...
2024-01-07 21:06:55.537 [AWT-EventQueue-0] INFO  Opening 'ltl.rules'...
2024-01-07 21:07:33.200 [Thread-77] INFO  Starting auto-routing...
2024-01-07 21:07:34.159 [Thread-77] INFO  Auto-routing was completed in 0,96 seconds.
2024-01-07 21:07:34.261 [Thread-77] INFO  Starting route optimization on 1 thread...
2024-01-07 21:07:34.998 [Thread-77] INFO  Route optimization was completed in 0,74 seconds.
2024-01-07 21:12:58.791 [main] INFO  Freerouting v1.7.0 (build-date: 2023-02-08)
2024-01-07 21:12:58.793 [main] DEBUG  Version: 1.7.0,2023-02-08
2024-01-07 21:12:58.793 [main] DEBUG  Command line arguments: ''
2024-01-07 21:12:58.794 [main] DEBUG  Architecture: Mac OS X,aarch64,14.2.1
2024-01-07 21:12:58.794 [main] DEBUG  Java: 19.0.2,Oracle Corporation
2024-01-07 21:12:58.795 [main] DEBUG  System Language: de,de_DE
2024-01-07 21:12:58.798 [main] DEBUG  Hardware: 10 CPU cores,8192 MB RAM
2024-01-07 21:12:58.800 [main] DEBUG  UTC Time: 2024-01-07T20:12:58.799027Z
2024-01-07 21:12:58.803 [main] DEBUG  GUI Language: de_DE
2024-01-07 21:12:59.332 [main] TRACE Method 'MainApplication.main()' was performed in 0,75 seconds.
2024-01-07 21:13:36.025 [AWT-EventQueue-0] INFO  Opening 'ltl.dsn'...
2024-01-07 21:13:36.669 [AWT-EventQueue-0] INFO  Opening 'ltl.rules'...
2024-01-07 21:13:45.176 [Thread-0] INFO  Starting auto-routing...
2024-01-07 21:13:46.765 [Thread-0] TRACE Method 'BatchAutorouter.autoroute_pass #99999 on board '3890b8850db8c02acb82c1f32c33fe9a' making 196 changes' was performed in 1,50 seconds.
2024-01-07 21:13:46.771 [Thread-0] TRACE Method 'BatchAutorouterThread.thread_action()-autorouting' was performed in 1,59 seconds.
2024-01-07 21:13:46.772 [Thread-0] INFO  Auto-routing was completed in 1,59 seconds.
2024-01-07 21:13:46.772 [Thread-0] INFO  Starting route optimization on 1 thread...
2024-01-07 21:13:47.339 [Thread-0] TRACE Method 'BatchOptRoute.opt_route_pass #1 with 13 vias and 1.888.361,24 trace length.' was performed in 0,56 seconds.
2024-01-07 21:13:47.760 [Thread-0] TRACE Method 'BatchOptRoute.opt_route_pass #2 with 13 vias and 1.888.361,24 trace length.' was performed in 0,42 seconds.
2024-01-07 21:13:47.761 [Thread-0] TRACE Method 'BatchAutorouterThread.thread_action()-routeoptimization' was performed in 0,99 seconds.
2024-01-07 21:13:47.761 [Thread-0] INFO  Route optimization was completed in 0,99 seconds.
2024-01-07 21:13:47.765 [Thread-0] TRACE Method 'BatchAutorouterThread.thread_action()' was performed in 2,59 seconds.
2024-01-07 21:14:47.678 [AWT-EventQueue-0] INFO  Saving 'ltl.ses'...
2024-01-07 21:14:49.488 [AWT-EventQueue-0] INFO  Saving 'ltl.rules'...
